build/app/outputs/mapping/release/mapping.txt
# compiler: R8
# compiler_version: 1.5.64
# min_api: 16
# pg_map_id: 9d178a6
...
com.google.gson.reflect.TypeToken -> c.a.c.x.a:
    java.lang.reflect.Type type -> b
    java.lang.Class rawType -> a
    int hashCode -> c
    com.google.gson.reflect.TypeToken get(java.lang.Class) -> a
    com.google.gson.reflect.TypeToken get(java.lang.reflect.Type) -> a
    java.lang.Class getRawType() -> a
    java.lang.reflect.Type getSuperclassTypeParameter(java.lang.Class) -> b
    java.lang.reflect.Type getType() -> b
com.google.gson.stream.JsonReader -> c.a.c.y.a:
    long peekedLong -> i
    char[] buffer -> c
    int stackSize -> m
    int peekedNumberLength -> j
    java.lang.String peekedString -> k
    int peeked -> h
    int lineNumber -> f
    int lineStart -> g
    java.io.Reader in -> a
    int pos -> d
    int limit -> e
    java.lang.String[] pathNames -> n
    int[] pathIndices -> o
    boolean lenient -> b
    int[] stack -> l
    char[] NON_EXECUTE_PREFIX -> p
    void beginArray() -> a
    boolean fillBuffer(int) -> a
    boolean isLiteral(char) -> a
    void setLenient(boolean) -> a
    boolean skipTo(java.lang.String) -> a
    void beginObject() -> b
    int nextNonWhitespace(boolean) -> b
    java.lang.String nextQuotedValue(char) -> b
    void push(int) -> b
    java.io.IOException syntaxError(java.lang.String) -> b
    int doPeek() -> c
    void skipQuotedValue(char) -> c
    void endArray() -> d
    void endObject() -> e
    java.lang.String getPath() -> f
    boolean hasNext() -> g
    boolean isLenient() -> h
    java.lang.String locationString() -> i
    boolean nextBoolean() -> j
    double nextDouble() -> k
    int nextInt() -> l
    long nextLong() -> m
    java.lang.String nextName() -> n
    void nextNull() -> o
    java.lang.String nextString() -> p
    com.google.gson.stream.JsonToken peek() -> q
    void skipValue() -> r
    void checkLenient() -> s
    void consumeNonExecutePrefix() -> t
    java.lang.String nextUnquotedValue() -> u
com.google.gson.stream.JsonReader$1 -> c.a.c.y.a$a:
    void promoteNameToValue(com.google.gson.stream.JsonReader) -> a
com.google.gson.stream.JsonToken -> c.a.c.y.b:
    com.google.gson.stream.JsonToken END_ARRAY -> b
    com.google.gson.stream.JsonToken BEGIN_ARRAY -> a
    com.google.gson.stream.JsonToken STRING -> f
    com.google.gson.stream.JsonToken NAME -> e
    com.google.gson.stream.JsonToken END_OBJECT -> d
    com.google.gson.stream.JsonToken BEGIN_OBJECT -> c
    com.google.gson.stream.JsonToken END_DOCUMENT -> j
    com.google.gson.stream.JsonToken NULL -> i
    com.google.gson.stream.JsonToken BOOLEAN -> h
    com.google.gson.stream.JsonToken NUMBER -> g
    com.google.gson.stream.JsonToken[] $VALUES -> k